#
# A fatal error has been detected by the Java Runtime Environment:
#
#  EXCEPTION_ACCESS_VIOLATION (0xc0000005) at pc=0x00000000777ce4e4, pid=20604, tid=19260
#
# JRE version: Java(TM) SE Runtime Environment (8.0_25-b18) (build 1.8.0_25-b18)
# Java VM: Java HotSpot(TM) 64-Bit Server VM (25.25-b02 mixed mode windows-amd64 compressed oops)
# Problematic frame:
# C  [ntdll.dll+0x4e4e4]
#
# Failed to write core dump. Minidumps are not enabled by default on client versions of Windows
#
# If you would like to submit a bug report, please visit:
#   http://bugreport.sun.com/bugreport/crash.jsp
# The crash happened outside the Java Virtual Machine in native code.
# See problematic frame for where to report the bug.
#

---------------  T H R E A D  ---------------

Current thread (0x000000000a126800):  JavaThread "Thread-2" [_thread_in_native, id=19260, stack(0x000000000d8a0000,0x000000000d9a0000)]

siginfo: ExceptionCode=0xc0000005, writing address 0x0000000000000024

Registers:
RAX=0x0000000000000000, RBX=0x000000000abb1308, RCX=0x00000000fffffffc, RDX=0x0000000000000324
RSP=0x000000000d99e870, RBP=0x0000000000000000, RSI=0x0000000000000324, RDI=0x0000000000000000
R8 =0x000000000d99e828, R9 =0x0000000000000004, R10=0x0000000000000000, R11=0x0000000000000246
R12=0x0000000000000000, R13=0x0000000000000000, R14=0x000007fffff90000, R15=0x0000000000000000
RIP=0x00000000777ce4e4, EFLAGS=0x0000000000010213

Top of Stack: (sp=0x000000000d99e870)
0x000000000d99e870:   000000000a126800 0000000000000324
0x000000000d99e880:   0000000000000000 000000000000000e
0x000000000d99e890:   000000000d99e2e0 0000000051ea4642
0x000000000d99e8a0:   0000000000000000 000000013f97a878
0x000000000d99e8b0:   000000000d99e8f0 000000005227b558
0x000000000d99e8c0:   000000000227c510 0000000051e9e355
0x000000000d99e8d0:   000000000a126800 000000000d99e770
0x000000000d99e8e0:   0000000000000006 00000000500f79c7
0x000000000d99e8f0:   000000000a126800 000000000d99ea98
0x000000000d99e900:   0000000000000004 0000000000000001
0x000000000d99e910:   00000000ff000000 00000000777ce40b
0x000000000d99e920:   0000000000000000 0000000000000000
0x000000000d99e930:   00000000082b1ad0 000000000abb1308
0x000000000d99e940:   000000000abb1308 000007fef2702b5c
0x000000000d99e950:   0000000000010001 0000000009d3ef70
0x000000000d99e960:   000000000abb1300 000000000a126800 

Instructions: (pc=0x00000000777ce4e4)
0x00000000777ce4c4:   0f b1 4b 08 0f 85 9b 47 fd ff 48 8b 03 4c 89 ac
0x00000000777ce4d4:   24 c0 00 00 00 33 ed 45 33 ed 48 83 f8 ff 74 03
0x00000000777ce4e4:   ff 40 24 ba 22 17 00 00 48 8d 3d 9d 8f 0e 00 80
0x00000000777ce4f4:   3c 25 82 03 fe 7f 00 0f 85 b3 bd 01 00 48 83 fe 


Register to memory mapping:

RAX=0x0000000000000000 is an unknown value
RBX=0x000000000abb1308 is an unknown value
RCX=0x00000000fffffffc is an unallocated location in the heap
RDX=0x0000000000000324 is an unknown value
RSP=0x000000000d99e870 is pointing into the stack for thread: 0x000000000a126800
RBP=0x0000000000000000 is an unknown value
RSI=0x0000000000000324 is an unknown value
RDI=0x0000000000000000 is an unknown value
R8 =0x000000000d99e828 is pointing into the stack for thread: 0x000000000a126800
R9 =0x0000000000000004 is an unknown value
R10=0x0000000000000000 is an unknown value
R11=0x0000000000000246 is an unknown value
R12=0x0000000000000000 is an unknown value
R13=0x0000000000000000 is an unknown value
R14=0x000007fffff90000 is an unknown value
R15=0x0000000000000000 is an unknown value


Stack: [0x000000000d8a0000,0x000000000d9a0000],  sp=0x000000000d99e870,  free space=1018k
Native frames: (J=compiled Java code, j=interpreted, Vv=VM code, C=native code)

Java frames: (J=compiled Java code, j=interpreted, Vv=VM code)
j  sun.java2d.d3d.D3DSurfaceData.initOps(III)V+0
j  sun.java2d.d3d.D3DSurfaceData.<init>(Lsun/awt/windows/WComponentPeer;Lsun/java2d/d3d/D3DGraphicsConfig;IILjava/awt/Image;Ljava/awt/image/ColorModel;IILsun/java2d/pipe/hw/ExtendedBufferCapabilities$VSyncType;I)V+76
j  sun.java2d.d3d.D3DSurfaceData.createData(Lsun/java2d/d3d/D3DGraphicsConfig;IILjava/awt/image/ColorModel;Ljava/awt/Image;I)Lsun/java2d/d3d/D3DSurfaceData;+70
j  sun.java2d.d3d.D3DGraphicsConfig.createManagedSurface(III)Lsun/java2d/SurfaceData;+10
j  sun.java2d.d3d.D3DSurfaceDataProxy.validateSurfaceData(Lsun/java2d/SurfaceData;Lsun/java2d/SurfaceData;II)Lsun/java2d/SurfaceData;+22
J 1021 C1 sun.java2d.SurfaceDataProxy.replaceData(Lsun/java2d/SurfaceData;ILsun/java2d/loops/CompositeType;Ljava/awt/Color;)Lsun/java2d/SurfaceData; (329 bytes) @ 0x000000000f395bb4 [0x000000000f395200+0x9b4]
J 945 C2 sun.java2d.SurfaceData.getSourceSurfaceData(Ljava/awt/Image;ILsun/java2d/loops/CompositeType;Ljava/awt/Color;)Lsun/java2d/SurfaceData; (110 bytes) @ 0x000000000f3514dc [0x000000000f3513c0+0x11c]
J 1020 C1 sun.java2d.pipe.DrawImage.renderImageScale(Lsun/java2d/SunGraphics2D;Ljava/awt/Image;Ljava/awt/Color;IIIIIDDDD)Z (158 bytes) @ 0x000000000f393814 [0x000000000f393480+0x394]
J 1019 C1 sun.java2d.pipe.DrawImage.scaleImage(Lsun/java2d/SunGraphics2D;Ljava/awt/Image;IIIILjava/awt/Color;)Z (186 bytes) @ 0x000000000f39054c [0x000000000f390040+0x50c]
J 1018 C1 sun.java2d.pipe.DrawImage.scaleImage(Lsun/java2d/SunGraphics2D;Ljava/awt/Image;IIIILjava/awt/Color;Ljava/awt/image/ImageObserver;)Z (68 bytes) @ 0x000000000f391804 [0x000000000f391060+0x7a4]
J 1017 C1 sun.java2d.pipe.ValidatePipe.scaleImage(Lsun/java2d/SunGraphics2D;Ljava/awt/Image;IIIILjava/awt/Color;Ljava/awt/image/ImageObserver;)Z (33 bytes) @ 0x000000000f3922a4 [0x000000000f391e80+0x424]
J 1005 C1 sun.java2d.SunGraphics2D.drawImage(Ljava/awt/Image;IIIILjava/awt/Color;Ljava/awt/image/ImageObserver;)Z (197 bytes) @ 0x000000000f386544 [0x000000000f385b60+0x9e4]
J 1004 C1 sun.java2d.SunGraphics2D.drawImage(Ljava/awt/Image;IIIILjava/awt/image/ImageObserver;)Z (15 bytes) @ 0x000000000f385704 [0x000000000f385600+0x104]
J 972 C1 Main.GamePanel.drawToScreen()V (28 bytes) @ 0x000000000f3661b4 [0x000000000f365da0+0x414]
j  Main.GamePanel.run()V+20
j  java.lang.Thread.run()V+11
v  ~StubRoutines::call_stub

---------------  P R O C E S S  ---------------

Java Threads: ( => current thread )
  0x0000000009fd6800 JavaThread "Thread-0" daemon [_thread_in_native, id=19620, stack(0x000000000c5e0000,0x000000000c6e0000)]
  0x000000000227e000 JavaThread "DestroyJavaVM" [_thread_blocked, id=21500, stack(0x0000000002570000,0x0000000002670000)]
=>0x000000000a126800 JavaThread "Thread-2" [_thread_in_native, id=19260, stack(0x000000000d8a0000,0x000000000d9a0000)]
  0x000000000a115800 JavaThread "AWT-EventQueue-0" [_thread_blocked, id=19748, stack(0x000000000cb60000,0x000000000cc60000)]
  0x000000000a09b000 JavaThread "AWT-Shutdown" [_thread_blocked, id=9528, stack(0x000000000a6a0000,0x000000000a7a0000)]
  0x000000000a09a800 JavaThread "Java2D Disposer" daemon [_thread_blocked, id=18564, stack(0x000000000a9c0000,0x000000000aac0000)]
  0x0000000009da5000 JavaThread "Service Thread" daemon [_thread_blocked, id=19164, stack(0x000000000a550000,0x000000000a650000)]
  0x0000000009d39800 JavaThread "C1 CompilerThread2" daemon [_thread_blocked, id=19424, stack(0x000000000a350000,0x000000000a450000)]
  0x0000000009d30800 JavaThread "C2 CompilerThread1" daemon [_thread_blocked, id=16092, stack(0x000000000a1e0000,0x000000000a2e0000)]
  0x0000000008648800 JavaThread "C2 CompilerThread0" daemon [_thread_blocked, id=12528, stack(0x0000000009c30000,0x0000000009d30000)]
  0x0000000008643800 JavaThread "Attach Listener" daemon [_thread_blocked, id=18132, stack(0x0000000009690000,0x0000000009790000)]
  0x0000000008642000 JavaThread "Signal Dispatcher" daemon [_thread_blocked, id=21452, stack(0x0000000009ac0000,0x0000000009bc0000)]
  0x00000000085dc000 JavaThread "Finalizer" daemon [_thread_blocked, id=21456, stack(0x0000000009920000,0x0000000009a20000)]
  0x00000000085d9000 JavaThread "Reference Handler" daemon [_thread_blocked, id=21480, stack(0x0000000009800000,0x0000000009900000)]

Other Threads:
  0x00000000085d5000 VMThread [stack: 0x0000000009530000,0x0000000009630000] [id=20444]
  0x0000000009db6000 WatcherThread [stack: 0x000000000a7c0000,0x000000000a8c0000] [id=19188]

VM state:not at safepoint (normal execution)

VM Mutex/Monitor currently owned by a thread: None

Heap:
 PSYoungGen      total 38400K, used 29335K [0x00000000d5b80000, 0x00000000d8600000, 0x0000000100000000)
  eden space 33280K, 88% used [0x00000000d5b80000,0x00000000d7825dc8,0x00000000d7c00000)
  from space 5120K, 0% used [0x00000000d8100000,0x00000000d8100000,0x00000000d8600000)
  to   space 5120K, 0% used [0x00000000d7c00000,0x00000000d7c00000,0x00000000d8100000)
 ParOldGen       total 87552K, used 0K [0x0000000081200000, 0x0000000086780000, 0x00000000d5b80000)
  object space 87552K, 0% used [0x0000000081200000,0x0000000081200000,0x0000000086780000)
 Metaspace       used 10199K, capacity 10394K, committed 10496K, reserved 1058816K
  class space    used 1200K, capacity 1251K, committed 1280K, reserved 1048576K

Card table byte_map: [0x0000000002d00000,0x0000000003100000] byte_map_base: 0x00000000028f7000

Marking Bits: (ParMarkBitMap*) 0x000000005247d490
 Begin Bits: [0x00000000038e0000, 0x0000000005898000)
 End Bits:   [0x0000000005898000, 0x0000000007850000)

Polling page: 0x0000000000420000

CodeCache: size=245760Kb used=3729Kb max_used=3740Kb free=242030Kb
 bounds [0x000000000f010000, 0x000000000f3c0000, 0x000000001e010000]
 total_blobs=1555 nmethods=1073 adapters=396
 compilation: enabled

Compilation events (10 events):
Event: 15.227 Thread 0x0000000009d39800 1070  s    3       java.awt.Toolkit::getDefaultToolkit (24 bytes)
Event: 15.227 Thread 0x0000000009d39800 nmethod 1070 0x000000000f3b2450 code [0x000000000f3b25e0, 0x000000000f3b2a38]
Event: 15.228 Thread 0x0000000009d39800 1071       1       java.awt.Window::isRecursivelyVisible (5 bytes)
Event: 15.228 Thread 0x0000000009d39800 nmethod 1071 0x000000000f3b2190 code [0x000000000f3b22e0, 0x000000000f3b23f0]
Event: 15.302 Thread 0x0000000008648800 1072   !   4       sun.awt.AWTAutoShutdown::setToolkitBusy (124 bytes)
Event: 15.312 Thread 0x0000000008648800 nmethod 1072 0x000000000f3b5f50 code [0x000000000f3b60c0, 0x000000000f3b6998]
Event: 15.690 Thread 0x0000000009d30800 1073       4       java.awt.Component::getFont_NoClientCode (29 bytes)
Event: 15.694 Thread 0x0000000009d30800 nmethod 1073 0x000000000f3b1e50 code [0x000000000f3b1fa0, 0x000000000f3b2068]
Event: 15.857 Thread 0x0000000009d30800 1074       4       sun.java2d.pipe.Region::clipScale (41 bytes)
Event: 15.858 Thread 0x0000000009d30800 nmethod 1074 0x000000000f3b5790 code [0x000000000f3b5900, 0x000000000f3b59a8]

GC Heap History (0 events):
No events

Deoptimization events (5 events):
Event: 10.308 Thread 0x000000000a115800 Uncommon trap: reason=bimorphic action=maybe_recompile pc=0x000000000f39d034 method=java.util.HashMap.getNode(ILjava/lang/Object;)Ljava/util/HashMap$Node; @ 126
Event: 10.308 Thread 0x000000000a115800 Uncommon trap: reason=bimorphic action=maybe_recompile pc=0x000000000f39d034 method=java.util.HashMap.getNode(ILjava/lang/Object;)Ljava/util/HashMap$Node; @ 126
Event: 10.399 Thread 0x000000000a115800 Uncommon trap: reason=bimorphic action=maybe_recompile pc=0x000000000f39d034 method=java.util.HashMap.getNode(ILjava/lang/Object;)Ljava/util/HashMap$Node; @ 126
Event: 10.589 Thread 0x000000000a115800 Uncommon trap: reason=bimorphic action=maybe_recompile pc=0x000000000f39d034 method=java.util.HashMap.getNode(ILjava/lang/Object;)Ljava/util/HashMap$Node; @ 126
Event: 10.589 Thread 0x000000000a115800 Uncommon trap: reason=bimorphic action=maybe_recompile pc=0x000000000f31bfe0 method=java.util.HashMap.getNode(ILjava/lang/Object;)Ljava/util/HashMap$Node; @ 126

Internal exceptions (10 events):
Event: 0.607 Thread 0x000000000a126800 Exception <a 'java/lang/ArrayIndexOutOfBoundsException': 4> (0x00000000d6e208e0) thrown at [D:\re\workspace\8-2-build-windows-amd64-cygwin\jdk8u25\1677\hotspot\src\share\vm\interpreter\interpreterRuntime.cpp, line 366]
Event: 0.608 Thread 0x000000000a126800 Exception <a 'java/security/PrivilegedActionException'> (0x00000000d6e23318) thrown at [D:\re\workspace\8-2-build-windows-amd64-cygwin\jdk8u25\1677\hotspot\src\share\vm\prims\jvm.cpp, line 1312]
Event: 0.623 Thread 0x000000000a126800 Exception <a 'java/security/PrivilegedActionException'> (0x00000000d6e251e0) thrown at [D:\re\workspace\8-2-build-windows-amd64-cygwin\jdk8u25\1677\hotspot\src\share\vm\prims\jvm.cpp, line 1312]
Event: 0.624 Thread 0x000000000a126800 Exception <a 'java/security/PrivilegedActionException'> (0x00000000d6e288a8) thrown at [D:\re\workspace\8-2-build-windows-amd64-cygwin\jdk8u25\1677\hotspot\src\share\vm\prims\jvm.cpp, line 1312]
Event: 0.650 Thread 0x000000000a126800 Exception <a 'java/security/PrivilegedActionException'> (0x00000000d6e41530) thrown at [D:\re\workspace\8-2-build-windows-amd64-cygwin\jdk8u25\1677\hotspot\src\share\vm\prims\jvm.cpp, line 1312]
Event: 0.662 Thread 0x000000000a126800 Exception <a 'java/security/PrivilegedActionException'> (0x00000000d6e42c58) thrown at [D:\re\workspace\8-2-build-windows-amd64-cygwin\jdk8u25\1677\hotspot\src\share\vm\prims\jvm.cpp, line 1312]
Event: 0.691 Thread 0x000000000a126800 Exception <a 'java/security/PrivilegedActionException'> (0x00000000d6e58428) thrown at [D:\re\workspace\8-2-build-windows-amd64-cygwin\jdk8u25\1677\hotspot\src\share\vm\prims\jvm.cpp, line 1312]
Event: 0.705 Thread 0x000000000a126800 Exception <a 'java/security/PrivilegedActionException'> (0x00000000d6e59b68) thrown at [D:\re\workspace\8-2-build-windows-amd64-cygwin\jdk8u25\1677\hotspot\src\share\vm\prims\jvm.cpp, line 1312]
Event: 0.717 Thread 0x000000000a126800 Exception <a 'java/security/PrivilegedActionException'> (0x00000000d6e6f300) thrown at [D:\re\workspace\8-2-build-windows-amd64-cygwin\jdk8u25\1677\hotspot\src\share\vm\prims\jvm.cpp, line 1312]
Event: 1.669 Thread 0x000000000a115800 Exception <a 'java/lang/ArrayIndexOutOfBoundsException': 4> (0x00000000d608d440) thrown at [D:\re\workspace\8-2-build-windows-amd64-cygwin\jdk8u25\1677\hotspot\src\share\vm\interpreter\interpreterRuntime.cpp, line 366]

Events (10 events):
Event: 15.959 Thread 0x0000000009fc8000 Thread added: 0x0000000009fc8000
Event: 15.959 loading class java/util/WeakHashMap$KeyIterator
Event: 15.960 loading class java/util/WeakHashMap$HashIterator
Event: 15.960 loading class java/util/WeakHashMap$HashIterator done
Event: 15.960 loading class java/util/WeakHashMap$KeyIterator done
Event: 15.961 Thread 0x0000000009fc7800 Thread exited: 0x0000000009fc7800
Event: 15.962 Thread 0x0000000009fc8000 Thread exited: 0x0000000009fc8000
Event: 15.963 loading class sun/java2d/pipe/hw/AccelDeviceEventNotifier
Event: 15.963 Thread 0x000000000a11f800 Thread exited: 0x000000000a11f800
Event: 15.963 loading class sun/java2d/pipe/hw/AccelDeviceEventNotifier done


Dynamic libraries:
0x000000013f850000 - 0x000000013f884000 	C:\Program Files\Java\jre1.8.0_25\bin\javaw.exe
0x0000000077780000 - 0x0000000077929000 	C:\Windows\SYSTEM32\ntdll.dll
0x0000000077660000 - 0x000000007777f000 	C:\Windows\system32\kernel32.dll
0x000007fefc830000 - 0x000007fefc89c000 	C:\Windows\system32\KERNELBASE.dll
0x000007fefe6f0000 - 0x000007fefe7cb000 	C:\Windows\system32\ADVAPI32.dll
0x000007fefd500000 - 0x000007fefd59f000 	C:\Windows\system32\msvcrt.dll
0x000007fefd4e0000 - 0x000007fefd4ff000 	C:\Windows\SYSTEM32\sechost.dll
0x000007fefe3e0000 - 0x000007fefe50d000 	C:\Windows\system32\RPCRT4.dll
0x0000000077560000 - 0x000000007765a000 	C:\Windows\system32\USER32.dll
0x000007fefce20000 - 0x000007fefce87000 	C:\Windows\system32\GDI32.dll
0x000007fefec90000 - 0x000007fefec9e000 	C:\Windows\system32\LPK.dll
0x000007fefe510000 - 0x000007fefe5d9000 	C:\Windows\system32\USP10.dll
0x000007fefacd0000 - 0x000007fefaec4000 	C:\Windows\WinSxS\amd64_microsoft.windows.common-controls_6595b64144ccf1df_6.0.7601.17514_none_fa396087175ac9ac\COMCTL32.dll
0x000007fefd280000 - 0x000007fefd2f1000 	C:\Windows\system32\SHLWAPI.dll
0x000007fefe3b0000 - 0x000007fefe3de000 	C:\Windows\system32\IMM32.DLL
0x000007fefcac0000 - 0x000007fefcbc9000 	C:\Windows\system32\MSCTF.dll
0x000007fefc4b0000 - 0x000007fefc4e1000 	C:\Windows\system32\nvinitx.dll
0x000000000f000000 - 0x000000000f006000 	C:\Program Files\NVIDIA Corporation\CoProcManager\detoured.dll
0x000007fef8c60000 - 0x000007fef8c92000 	C:\Program Files\NVIDIA Corporation\CoProcManager\nvd3d9wrapx.dll
0x000007fefd300000 - 0x000007fefd4d7000 	C:\Windows\system32\SETUPAPI.dll
0x000007fefc8b0000 - 0x000007fefc8e6000 	C:\Windows\system32\CFGMGR32.dll
0x000007fefd0a0000 - 0x000007fefd177000 	C:\Windows\system32\OLEAUT32.dll
0x000007fefce90000 - 0x000007fefd093000 	C:\Windows\system32\ole32.dll
0x000007fefc5e0000 - 0x000007fefc5fa000 	C:\Windows\system32\DEVOBJ.dll
0x000007fef8c30000 - 0x000007fef8c52000 	C:\Program Files\NVIDIA Corporation\CoProcManager\nvdxgiwrapx.dll
0x0000000050270000 - 0x0000000050342000 	C:\Program Files\Java\jre1.8.0_25\bin\msvcr100.dll
0x0000000051ca0000 - 0x00000000524fa000 	C:\Program Files\Java\jre1.8.0_25\bin\server\jvm.dll
0x000007fedbe80000 - 0x000007fedbe89000 	C:\Windows\system32\WSOCK32.dll
0x000007fefe5e0000 - 0x000007fefe62d000 	C:\Windows\system32\WS2_32.dll
0x000007fefeca0000 - 0x000007fefeca8000 	C:\Windows\system32\NSI.dll
0x000007fef9fb0000 - 0x000007fef9feb000 	C:\Windows\system32\WINMM.dll
0x0000000077950000 - 0x0000000077957000 	C:\Windows\system32\PSAPI.DLL
0x0000000052800000 - 0x000000005280f000 	C:\Program Files\Java\jre1.8.0_25\bin\verify.dll
0x0000000051c70000 - 0x0000000051c98000 	C:\Program Files\Java\jre1.8.0_25\bin\java.dll
0x0000000051c50000 - 0x0000000051c66000 	C:\Program Files\Java\jre1.8.0_25\bin\zip.dll
0x000007fefd5a0000 - 0x000007fefe328000 	C:\Windows\system32\SHELL32.dll
0x000007fefc590000 - 0x000007fefc59f000 	C:\Windows\system32\profapi.dll
0x00000000500d0000 - 0x0000000050268000 	C:\Program Files\Java\jre1.8.0_25\bin\awt.dll
0x000007fefa6e0000 - 0x000007fefa6f8000 	C:\Windows\system32\DWMAPI.DLL
0x000007fefac70000 - 0x000007fefacc6000 	C:\Windows\system32\uxtheme.dll
0x000007fefc3e0000 - 0x000007fefc3ef000 	C:\Windows\system32\CRYPTBASE.dll
0x000007fef8450000 - 0x000007fef854c000 	C:\Windows\system32\nvumdshimx.dll
0x000007fed7ab0000 - 0x000007fed91b6000 	C:\Windows\system32\igdumdim64.dll
0x00000000503e0000 - 0x0000000050427000 	C:\Program Files\Java\jre1.8.0_25\bin\fontmanager.dll
0x000007fefbd80000 - 0x000007fefbd98000 	C:\Windows\system32\CRYPTSP.dll
0x000007fefba80000 - 0x000007fefbac7000 	C:\Windows\system32\rsaenh.dll
0x000007fefc5b0000 - 0x000007fefc5ce000 	C:\Windows\system32\USERENV.dll
0x0000000051c30000 - 0x0000000051c4a000 	C:\Program Files\Java\jre1.8.0_25\bin\net.dll
0x0000000180000000 - 0x00000001800bc000 	C:\Windows\system32\BfLLR.dll
0x000007fefb6c0000 - 0x000007fefb6e7000 	C:\Windows\system32\IPHLPAPI.DLL
0x000007fefb6b0000 - 0x000007fefb6bb000 	C:\Windows\system32\WINNSI.DLL
0x000007fefbd20000 - 0x000007fefbd75000 	C:\Windows\system32\mswsock.dll
0x000007fefbd10000 - 0x000007fefbd17000 	C:\Windows\System32\wship6.dll
0x000007fef9b10000 - 0x000007fef9b28000 	C:\Windows\system32\dhcpcsvc.DLL
0x000007fef9af0000 - 0x000007fef9b01000 	C:\Windows\system32\dhcpcsvc6.DLL
0x0000000051c10000 - 0x0000000051c21000 	C:\Program Files\Java\jre1.8.0_25\bin\nio.dll
0x0000000050d00000 - 0x0000000050d31000 	C:\Program Files\Java\jre1.8.0_25\bin\jpeg.dll
0x0000000050390000 - 0x00000000503d1000 	C:\Program Files\Java\jre1.8.0_25\bin\t2k.dll
0x000007feef080000 - 0x000007feef1a5000 	C:\Windows\system32\dbghelp.dll

VM Arguments:
jvm_args: -Dfile.encoding=Cp1250 
java_command: Main.Game
java_class_path (initial): C:\Users\Tomáš Wagner\Disk Google\vsb\2_1\PJ1\projekt\bin
Launcher Type: SUN_STANDARD

Environment Variables:
PATH=C:/Program Files/Java/jre1.8.0_25/bin/server;C:/Program Files/Java/jre1.8.0_25/bin;C:/Program Files/Java/jre1.8.0_25/lib/amd64;C:\ProgramData\Oracle\Java\javapath;C:\Program Files (x86)\NVIDIA Corporation\PhysX\Common;C:\Windows;C:\Windows\system32;C:\Program Files\Java\jre7\bin;C:\Program Files (x86)\Zend\ZendServer\share\ZendFramework\bin;C:\Program Files (x86)\Zend\ZendServer\bin;C:\Program Files (x86)\Common Files\Adobe\AGL;C:\Program Files\Microsoft SQL Server\120\Tools\Binn\;c:\Program Files (x86)\Microsoft SQL Server\110\Tools\Binn\;c:\Program Files\Microsoft SQL Server\110\Tools\Binn\;c:\Program Files\Microsoft SQL Server\110\DTS\Binn\;c:\Program Files (x86)\Microsoft SQL Server\110\Tools\Binn\ManagementStudio\;c:\Program Files (x86)\Microsoft Visual Studio 10.0\Common7\IDE\PrivateAssemblies\;c:\Program Files (x86)\Microsoft SQL Server\110\DTS\Binn\;C:\Program Files\eclipse;
USERNAME=Tomáš Wagner
OS=Windows_NT
PROCESSOR_IDENTIFIER=Intel64 Family 6 Model 60 Stepping 3, GenuineIntel



---------------  S Y S T E M  ---------------

OS: Windows 7 , 64 bit Build 7601 Service Pack 1

CPU:total 4 (2 cores per cpu, 2 threads per core) family 6 model 60 stepping 3, cmov, cx8, fxsr, mmx, sse, sse2, sse3, ssse3, sse4.1, sse4.2, popcnt, avx, avx2, aes, clmul, erms, lzcnt, ht, tsc, tscinvbit, bmi1, bmi2

Memory: 4k page, physical 8307348k(4030976k free), swap 16612832k(11389292k free)

vm_info: Java HotSpot(TM) 64-Bit Server VM (25.25-b02) for windows-amd64 JRE (1.8.0_25-b18), built on Oct  7 2014 14:25:37 by "java_re" with MS VC++ 10.0 (VS2010)

time: Tue Dec 02 17:06:09 2014
elapsed time: 16 seconds (0d 0h 0m 16s)

